<?xml version="1.0" encoding="UTF-8"?>
<!-- Generated by org.testng.reporters.JUnitReportReporter -->
<testsuite hostname="DESKTOP-EBJLJI0" failures="0" tests="1" name="testNGpackage.NewTest" time="0.023" errors="0" timestamp="2022-10-02T15:11:07 BST" skipped="0">
  <testcase classname="testNGpackage.NewTest" name="f" time="0.023"/>
  <system-out/>
</testsuite> <!-- testNGpackage.NewTest -->
