<?xml version="1.0" encoding="UTF-8"?>
<!-- Generated by org.testng.reporters.JUnitReportReporter -->
<testsuite hostname="DESKTOP-EBJLJI0" failures="0" tests="3" name="testNGpackage.OpenWebsite" time="20.860" errors="0" timestamp="2022-10-02T15:25:01 BST" skipped="0">
  <testcase classname="testNGpackage.OpenWebsite" name="openingAmazonSite" time="7.875"/>
  <system-out/>
  <testcase classname="testNGpackage.OpenWebsite" name="openingYahooSite" time="4.758"/>
  <system-out/>
  <testcase classname="testNGpackage.OpenWebsite" name="openingCnbcSite" time="8.227"/>
  <system-out/>
</testsuite> <!-- testNGpackage.OpenWebsite -->
