<?xml version="1.0" encoding="UTF-8"?>
<!-- Generated by org.testng.reporters.JUnitReportReporter -->
<testsuite hostname="DESKTOP-EBJLJI0" failures="0" tests="3" name="testNGpackage.PriorityClass" time="24.168" errors="0" timestamp="2022-10-02T15:31:53 BST" skipped="0">
  <testcase classname="testNGpackage.PriorityClass" name="openingCnbcSite" time="11.168"/>
  <system-out/>
  <testcase classname="testNGpackage.PriorityClass" name="openingYahooSite" time="4.631"/>
  <system-out/>
  <testcase classname="testNGpackage.PriorityClass" name="openingAmazonSite" time="8.369"/>
  <system-out/>
</testsuite> <!-- testNGpackage.PriorityClass -->
